<?xml version="1.0" encoding="UTF-8"?>
<!-- Generated by org.testng.reporters.JUnitXMLReporter -->
<testsuite ignored="4" hostname="DESKTOP-CTNIRRU" failures="0" tests="13" name="Test" time="13.256" errors="0" timestamp="2023-08-16T16:39:34 IST">
  <testcase classname="com.orangeHRMAppLearn.BaseClass" name="@BeforeClass loginapp" time="9.42">
    <failure type="org.openqa.selenium.StaleElementReferenceException" message="stale element reference: stale element not found
  (Session info: chrome=115.0.5790.171)
For documentation on this error, please visit: https://www.selenium.dev/documentation/webdriver/troubleshooting/errors#stale-element-reference-exception
Build info: version: &amp;apos;4.11.0&amp;apos;, revision: &amp;apos;040bc5406b&amp;apos;
System info: os.name: &amp;apos;Windows 11&amp;apos;, os.arch: &amp;apos;amd64&amp;apos;, os.version: &amp;apos;10.0&amp;apos;, java.version: &amp;apos;18&amp;apos;
Driver info: org.openqa.selenium.chrome.ChromeDriver
Command: [307eca81e94307b20659f5286fa48e29, clickElement {id=27C904EE56C1759B76A80BC8884E787B_element_18}]
Capabilities {acceptInsecureCerts: false, browserName: chrome, browserVersion: 115.0.5790.171, chrome: {chromedriverVersion: 114.0.5735.90 (386bc09e8f4f..., userDataDir: C:\Users\darad\AppData\Loca...}, goog:chromeOptions: {debuggerAddress: localhost:64258}, networkConnectionEnabled: false, pageLoadStrategy: normal, platformName: windows, proxy: Proxy(), se:cdp: ws://localhost:64258/devtoo..., se:cdpVersion: 115.0.5790.171, setWindowRect: true, strictFileInteractability: false, timeouts: {implicit: 0, pageLoad: 300000, script: 30000}, unhandledPromptBehavior: dismiss and notify, webauthn:extension:credBlob: true, webauthn:extension:largeBlob: true, webauthn:extension:minPinLength: true, webauthn:extension:prf: true, webauthn:virtualAuthenticators: true}
Element: [[ChromeDriver: chrome on windows (307eca81e94307b20659f5286fa48e29)] -&amp;gt; xpath: //button]
Session ID: 307eca81e94307b20659f5286fa48e29">
      <![CDATA[org.openqa.selenium.StaleElementReferenceException: stale element reference: stale element not found
  (Session info: chrome=115.0.5790.171)
For documentation on this error, please visit: https://www.selenium.dev/documentation/webdriver/troubleshooting/errors#stale-element-reference-exception
Build info: version: '4.11.0', revision: '040bc5406b'
System info: os.name: 'Windows 11', os.arch: 'amd64', os.version: '10.0', java.version: '18'
Driver info: org.openqa.selenium.chrome.ChromeDriver
Command: [307eca81e94307b20659f5286fa48e29, clickElement {id=27C904EE56C1759B76A80BC8884E787B_element_18}]
Capabilities {acceptInsecureCerts: false, browserName: chrome, browserVersion: 115.0.5790.171, chrome: {chromedriverVersion: 114.0.5735.90 (386bc09e8f4f..., userDataDir: C:\Users\darad\AppData\Loca...}, goog:chromeOptions: {debuggerAddress: localhost:64258}, networkConnectionEnabled: false, pageLoadStrategy: normal, platformName: windows, proxy: Proxy(), se:cdp: ws://localhost:64258/devtoo..., se:cdpVersion: 115.0.5790.171, setWindowRect: true, strictFileInteractability: false, timeouts: {implicit: 0, pageLoad: 300000, script: 30000}, unhandledPromptBehavior: dismiss and notify, webauthn:extension:credBlob: true, webauthn:extension:largeBlob: true, webauthn:extension:minPinLength: true, webauthn:extension:prf: true, webauthn:virtualAuthenticators: true}
Element: [[ChromeDriver: chrome on windows (307eca81e94307b20659f5286fa48e29)] -> xpath: //button]
Session ID: 307eca81e94307b20659f5286fa48e29
at org.openqa.selenium.remote.codec.w3c.W3CHttpResponseCodec.createException(W3CHttpResponseCodec.java:200)
at org.openqa.selenium.remote.codec.w3c.W3CHttpResponseCodec.decode(W3CHttpResponseCodec.java:133)
at org.openqa.selenium.remote.codec.w3c.W3CHttpResponseCodec.decode(W3CHttpResponseCodec.java:52)
at org.openqa.selenium.remote.HttpCommandExecutor.execute(HttpCommandExecutor.java:191)
at org.openqa.selenium.remote.service.DriverCommandExecutor.invokeExecute(DriverCommandExecutor.java:196)
at org.openqa.selenium.remote.service.DriverCommandExecutor.execute(DriverCommandExecutor.java:171)
at org.openqa.selenium.remote.RemoteWebDriver.execute(RemoteWebDriver.java:518)
at org.openqa.selenium.remote.RemoteWebElement.execute(RemoteWebElement.java:224)
at org.openqa.selenium.remote.RemoteWebElement.click(RemoteWebElement.java:77)
at com.orangeHRMAppLearn.BaseClass.loginapp(BaseClass.java:53)
at java.base/java.util.concurrent.ThreadPoolExecutor.runWorker(ThreadPoolExecutor.java:1136)
at java.base/java.util.concurrent.ThreadPoolExecutor$Worker.run(ThreadPoolExecutor.java:635)
at java.base/java.lang.Thread.run(Thread.java:833)
... Removed 11 stack frames]]>
    </failure>
  </testcase> <!-- @BeforeClass loginapp -->
  <testcase classname="com.orangeHRMAppLearn.LeavePage" name="@BeforeMethod dashBoard" time="-1.692184172621E9">
    <skipped/>
  </testcase> <!-- @BeforeMethod dashBoard -->
  <testcase classname="com.orangeHRMAppLearn.BaseClass" name="@AfterClass logOutapp" time="-1.692184172629E9">
    <skipped/>
  </testcase> <!-- @AfterClass logOutapp -->
  <testcase classname="com.orangeHRMAppLearn.DashBoardTest" name="@BeforeMethod dashBoard" time="2.391">
    <failure type="org.openqa.selenium.WebDriverException" message="disconnected: received Inspector.detached event
  (failed to check if window was closed: disconnected: Unable to receive message from renderer)
  (Session info: chrome=115.0.5790.171)
Build info: version: &amp;apos;4.11.0&amp;apos;, revision: &amp;apos;040bc5406b&amp;apos;
System info: os.name: &amp;apos;Windows 11&amp;apos;, os.arch: &amp;apos;amd64&amp;apos;, os.version: &amp;apos;10.0&amp;apos;, java.version: &amp;apos;18&amp;apos;
Driver info: org.openqa.selenium.chrome.ChromeDriver
Command: [307eca81e94307b20659f5286fa48e29, findElement {using=xpath, value=//span[text()=&amp;apos;Dashboard&amp;apos;]}]
Capabilities {acceptInsecureCerts: false, browserName: chrome, browserVersion: 115.0.5790.171, chrome: {chromedriverVersion: 114.0.5735.90 (386bc09e8f4f..., userDataDir: C:\Users\darad\AppData\Loca...}, goog:chromeOptions: {debuggerAddress: localhost:64258}, networkConnectionEnabled: false, pageLoadStrategy: normal, platformName: windows, proxy: Proxy(), se:cdp: ws://localhost:64258/devtoo..., se:cdpVersion: 115.0.5790.171, setWindowRect: true, strictFileInteractability: false, timeouts: {implicit: 0, pageLoad: 300000, script: 30000}, unhandledPromptBehavior: dismiss and notify, webauthn:extension:credBlob: true, webauthn:extension:largeBlob: true, webauthn:extension:minPinLength: true, webauthn:extension:prf: true, webauthn:virtualAuthenticators: true}
Session ID: 307eca81e94307b20659f5286fa48e29">
      <![CDATA[org.openqa.selenium.WebDriverException: disconnected: received Inspector.detached event
  (failed to check if window was closed: disconnected: Unable to receive message from renderer)
  (Session info: chrome=115.0.5790.171)
Build info: version: '4.11.0', revision: '040bc5406b'
System info: os.name: 'Windows 11', os.arch: 'amd64', os.version: '10.0', java.version: '18'
Driver info: org.openqa.selenium.chrome.ChromeDriver
Command: [307eca81e94307b20659f5286fa48e29, findElement {using=xpath, value=//span[text()='Dashboard']}]
Capabilities {acceptInsecureCerts: false, browserName: chrome, browserVersion: 115.0.5790.171, chrome: {chromedriverVersion: 114.0.5735.90 (386bc09e8f4f..., userDataDir: C:\Users\darad\AppData\Loca...}, goog:chromeOptions: {debuggerAddress: localhost:64258}, networkConnectionEnabled: false, pageLoadStrategy: normal, platformName: windows, proxy: Proxy(), se:cdp: ws://localhost:64258/devtoo..., se:cdpVersion: 115.0.5790.171, setWindowRect: true, strictFileInteractability: false, timeouts: {implicit: 0, pageLoad: 300000, script: 30000}, unhandledPromptBehavior: dismiss and notify, webauthn:extension:credBlob: true, webauthn:extension:largeBlob: true, webauthn:extension:minPinLength: true, webauthn:extension:prf: true, webauthn:virtualAuthenticators: true}
Session ID: 307eca81e94307b20659f5286fa48e29
at org.openqa.selenium.remote.codec.w3c.W3CHttpResponseCodec.createException(W3CHttpResponseCodec.java:200)
at org.openqa.selenium.remote.codec.w3c.W3CHttpResponseCodec.decode(W3CHttpResponseCodec.java:133)
at org.openqa.selenium.remote.codec.w3c.W3CHttpResponseCodec.decode(W3CHttpResponseCodec.java:52)
at org.openqa.selenium.remote.HttpCommandExecutor.execute(HttpCommandExecutor.java:191)
at org.openqa.selenium.remote.service.DriverCommandExecutor.invokeExecute(DriverCommandExecutor.java:196)
at org.openqa.selenium.remote.service.DriverCommandExecutor.execute(DriverCommandExecutor.java:171)
at org.openqa.selenium.remote.RemoteWebDriver.execute(RemoteWebDriver.java:518)
at org.openqa.selenium.remote.ElementLocation$ElementFinder$2.findElement(ElementLocation.java:165)
at org.openqa.selenium.remote.ElementLocation.findElement(ElementLocation.java:59)
at org.openqa.selenium.remote.RemoteWebDriver.findElement(RemoteWebDriver.java:355)
at org.openqa.selenium.remote.RemoteWebDriver.findElement(RemoteWebDriver.java:349)
at com.orangeHRMAppLearn.DashBoardTest.dashBoard(DashBoardTest.java:12)
at java.base/java.util.concurrent.ThreadPoolExecutor.runWorker(ThreadPoolExecutor.java:1136)
at java.base/java.util.concurrent.ThreadPoolExecutor$Worker.run(ThreadPoolExecutor.java:635)
at java.base/java.lang.Thread.run(Thread.java:833)
... Removed 17 stack frames]]>
    </failure>
  </testcase> <!-- @BeforeMethod dashBoard -->
  <testcase classname="com.orangeHRMAppLearn.DashBoardTest" name="@BeforeMethod dashBoard" time="-1.692184174195E9">
    <skipped/>
  </testcase> <!-- @BeforeMethod dashBoard -->
  <testcase classname="com.orangeHRMAppLearn.BaseClass" name="@AfterClass logOutapp" time="-1.692184174202E9">
    <skipped/>
  </testcase> <!-- @AfterClass logOutapp -->
  <testcase classname="com.orangeHRMAppLearn.BaseClass" name="@AfterTest closeDriver" time="-1.692184174207E9">
    <skipped/>
  </testcase> <!-- @AfterTest closeDriver -->
  <testcase classname="testNGLearn.NewTest" name="@AfterTest afterTest" time="-1.692184174209E9">
    <skipped/>
  </testcase> <!-- @AfterTest afterTest -->
  <testcase classname="testNGLearn.NewTest" name="testMethod" time="0.006"/>
  <testcase classname="testNGLearn.TestAnnotationLearn" name="zztest" time="0.008"/>
  <testcase classname="testNGLearn.TestAnnotationLearn" name="test" time="0.001"/>
  <testcase classname="testNGLearn.NewTest" name="testMethod1" time="0.002"/>
  <testcase classname="testNGLearn.TestAnnotationLearn" name="aatest" time="0.002"/>
  <testcase classname="testNGLearn.TestAnnotationLearn" name="test1" time="0.001"/>
  <testcase classname="testNGLearn.TestAnnotationLearn" name="test1" time="0.001"/>
  <testcase classname="testNGLearn.TestAnnotationLearn" name="test1" time="0.002"/>
  <testcase classname="testNGLearn.TestAnnotationLearn" name="test1" time="0.001"/>
  <testcase classname="testNGLearn.TestAnnotationLearn" name="test1" time="0.0"/>
  <testcase classname="com.orangeHRMAppLearn.LeavePage" name="leave" time="0.0">
    <skipped/>
  </testcase> <!-- leave -->
  <testcase classname="com.orangeHRMAppLearn.DashBoardTest" name="dashboard" time="0.0">
    <skipped/>
  </testcase> <!-- dashboard -->
  <testcase classname="com.orangeHRMAppLearn.DashBoardTest" name="dashboardTimeWork" time="0.0">
    <skipped/>
  </testcase> <!-- dashboardTimeWork -->
  <testcase classname="com.orangeHRMAppLearn.BaseClass" name="@BeforeSuite beforeSuite" time="0.0">
    <ignored/>
  </testcase> <!-- @BeforeSuite beforeSuite -->
  <testcase classname="com.orangeHRMAppLearn.BaseClass" name="@BeforeTest launchBrowser" time="0.0">
    <ignored/>
  </testcase> <!-- @BeforeTest launchBrowser -->
  <testcase classname="com.orangeHRMAppLearn.BaseClass" name="@AfterSuite closePostDocuments" time="0.0">
    <ignored/>
  </testcase> <!-- @AfterSuite closePostDocuments -->
  <testcase classname="com.orangeHRMAppLearn.BaseClass" name="@AfterTest closeDriver" time="0.0">
    <ignored/>
  </testcase> <!-- @AfterTest closeDriver -->
</testsuite> <!-- Test -->
