<?xml version="1.0" encoding="UTF-8"?>
<testng-results ignored="1" total="2" passed="0" failed="1" skipped="0">
  <reporter-output>
  </reporter-output>
  <suite started-at="2023-08-28T19:06:08 IST" name="Default suite" finished-at="2023-08-28T19:06:31 IST" duration-ms="23375">
    <groups>
    </groups>
    <test started-at="2023-08-28T19:06:08 IST" name="Default test" finished-at="2023-08-28T19:06:31 IST" duration-ms="23375">
      <class name="com.orangeHRMAppLearn.DashBoardTest">
        <test-method is-config="true" signature="beforeSuite()[pri:0, instance:com.orangeHRMAppLearn.DashBoardTest@2e005c4b]" started-at="2023-08-28T19:06:08 IST" name="beforeSuite" finished-at="2023-08-28T19:06:08 IST" duration-ms="8" status="PASS">
          <reporter-output>
          </reporter-output>
        </test-method> <!-- beforeSuite -->
        <test-method is-config="true" signature="launchBrowser()[pri:0, instance:com.orangeHRMAppLearn.DashBoardTest@2e005c4b]" started-at="2023-08-28T19:06:08 IST" name="launchBrowser" finished-at="2023-08-28T19:06:10 IST" duration-ms="1627" status="PASS">
          <reporter-output>
          </reporter-output>
        </test-method> <!-- launchBrowser -->
        <test-method is-config="true" signature="loginapp()[pri:0, instance:com.orangeHRMAppLearn.DashBoardTest@2e005c4b]" started-at="2023-08-28T19:06:10 IST" name="loginapp" finished-at="2023-08-28T19:06:28 IST" duration-ms="18514" status="PASS">
          <reporter-output>
          </reporter-output>
        </test-method> <!-- loginapp -->
        <test-method is-config="true" signature="dashBoard()[pri:0, instance:com.orangeHRMAppLearn.DashBoardTest@2e005c4b]" started-at="2023-08-28T19:06:28 IST" name="dashBoard" finished-at="2023-08-28T19:06:29 IST" duration-ms="567" status="PASS">
          <reporter-output>
          </reporter-output>
        </test-method> <!-- dashBoard -->
        <test-method signature="dashboardTimeWork()[pri:2, instance:com.orangeHRMAppLearn.DashBoardTest@2e005c4b]" started-at="2023-08-28T19:06:29 IST" name="dashboardTimeWork" finished-at="2023-08-28T19:06:29 IST" duration-ms="601" status="FAIL">
          <exception class="java.lang.AssertionError">
            <message>
              <![CDATA[The following asserts failed:
expected [Time at Worksss] but found [Time at Work]]]>
            </message>
            <full-stacktrace>
              <![CDATA[java.lang.AssertionError: The following asserts failed:
expected [Time at Worksss] but found [Time at Work]
at org.testng.asserts.SoftAssert.assertAll(SoftAssert.java:47)
at org.testng.asserts.SoftAssert.assertAll(SoftAssert.java:31)
at com.orangeHRMAppLearn.DashBoardTest.dashboardTimeWork(DashBoardTest.java:34)
at java.base/jdk.internal.reflect.DirectMethodHandleAccessor.invoke(DirectMethodHandleAccessor.java:104)
at java.base/java.lang.reflect.Method.invoke(Method.java:577)
at org.testng.internal.MethodInvocationHelper.invokeMethod(MethodInvocationHelper.java:133)
at org.testng.internal.TestInvoker.invokeMethod(TestInvoker.java:598)
at org.testng.internal.TestInvoker.invokeTestMethod(TestInvoker.java:173)
at org.testng.internal.MethodRunner.runInSequence(MethodRunner.java:46)
at org.testng.internal.TestInvoker$MethodInvocationAgent.invoke(TestInvoker.java:824)
at org.testng.internal.TestInvoker.invokeTestMethods(TestInvoker.java:146)
at org.testng.internal.TestMethodWorker.invokeTestMethods(TestMethodWorker.java:146)
at org.testng.internal.TestMethodWorker.run(TestMethodWorker.java:128)
at java.base/java.util.ArrayList.forEach(ArrayList.java:1511)
at org.testng.TestRunner.privateRun(TestRunner.java:794)
at org.testng.TestRunner.run(TestRunner.java:596)
at org.testng.SuiteRunner.runTest(SuiteRunner.java:377)
at org.testng.SuiteRunner.runSequentially(SuiteRunner.java:371)
at org.testng.SuiteRunner.privateRun(SuiteRunner.java:332)
at org.testng.SuiteRunner.run(SuiteRunner.java:276)
at org.testng.SuiteRunnerWorker.runSuite(SuiteRunnerWorker.java:53)
at org.testng.SuiteRunnerWorker.run(SuiteRunnerWorker.java:96)
at org.testng.TestNG.runSuitesSequentially(TestNG.java:1212)
at org.testng.TestNG.runSuitesLocally(TestNG.java:1134)
at org.testng.TestNG.runSuites(TestNG.java:1063)
at org.testng.TestNG.run(TestNG.java:1031)
at org.testng.remote.AbstractRemoteTestNG.run(AbstractRemoteTestNG.java:115)
at org.testng.remote.RemoteTestNG.initAndRun(RemoteTestNG.java:251)
at org.testng.remote.RemoteTestNG.main(RemoteTestNG.java:77)
]]>
            </full-stacktrace>
          </exception> <!-- java.lang.AssertionError -->
          <reporter-output>
          </reporter-output>
        </test-method> <!-- dashboardTimeWork -->
        <test-method is-config="true" signature="logOutapp()[pri:0, instance:com.orangeHRMAppLearn.DashBoardTest@2e005c4b]" started-at="2023-08-28T19:06:29 IST" name="logOutapp" finished-at="2023-08-28T19:06:31 IST" duration-ms="1849" status="PASS">
          <reporter-output>
          </reporter-output>
        </test-method> <!-- logOutapp -->
        <test-method is-config="true" signature="closeDriver()[pri:0, instance:com.orangeHRMAppLearn.DashBoardTest@2e005c4b]" started-at="2023-08-28T19:06:31 IST" name="closeDriver" finished-at="2023-08-28T19:06:31 IST" duration-ms="192" status="PASS">
          <reporter-output>
          </reporter-output>
        </test-method> <!-- closeDriver -->
        <test-method is-config="true" signature="closePostDocuments()[pri:0, instance:com.orangeHRMAppLearn.DashBoardTest@2e005c4b]" started-at="2023-08-28T19:06:32 IST" name="closePostDocuments" finished-at="2023-08-28T19:06:32 IST" duration-ms="0" status="PASS">
          <reporter-output>
          </reporter-output>
        </test-method> <!-- closePostDocuments -->
      </class> <!-- com.orangeHRMAppLearn.DashBoardTest -->
    </test> <!-- Default test -->
  </suite> <!-- Default suite -->
</testng-results>
